mode: set
DPLL/clause/clause.go:15.49,17.35 2 1
DPLL/clause/clause.go:17.35,18.33 1 1
DPLL/clause/clause.go:18.33,20.4 1 1
DPLL/clause/clause.go:20.9,22.4 1 1
DPLL/clause/clause.go:25.2,32.10 4 1
DPLL/clause/clause.go:36.34,38.37 2 1
DPLL/clause/clause.go:38.37,40.3 1 1
DPLL/clause/clause.go:41.2,41.55 1 1
DPLL/clause/clause.go:46.45,48.33 2 1
DPLL/clause/clause.go:48.33,49.27 1 1
DPLL/clause/clause.go:49.27,51.4 1 1
DPLL/clause/clause.go:54.2,56.14 3 1
DPLL/clause/clause.go:60.45,61.33 1 1
DPLL/clause/clause.go:61.33,62.27 1 1
DPLL/clause/clause.go:62.27,64.4 1 1
DPLL/clause/clause.go:67.2,67.14 1 1
DPLL/clause/clause.go:71.28,73.2 1 1
DPLL/clause/clause.go:76.29,78.2 1 1
DPLL/literal/literal.go:18.50,25.2 3 1
DPLL/literal/literal.go:28.42,29.17 1 1
DPLL/literal/literal.go:29.17,32.3 2 1
DPLL/literal/literal.go:35.2,35.30 1 1
DPLL/literal/literal.go:35.30,38.3 2 1
DPLL/literal/literal.go:43.35,44.16 1 1
DPLL/literal/literal.go:44.16,46.3 1 1
DPLL/literal/literal.go:46.8,48.3 1 1
DPLL/literal/literal.go:53.36,59.2 2 0
DPLL/clause/clause.go:15.49,17.35 2 1
DPLL/clause/clause.go:17.35,18.33 1 1
DPLL/clause/clause.go:18.33,20.4 1 1
DPLL/clause/clause.go:20.9,22.4 1 1
DPLL/clause/clause.go:25.2,32.10 4 1
DPLL/clause/clause.go:36.34,38.37 2 0
DPLL/clause/clause.go:38.37,40.3 1 0
DPLL/clause/clause.go:41.2,41.55 1 0
DPLL/clause/clause.go:46.45,48.33 2 1
DPLL/clause/clause.go:48.33,49.27 1 1
DPLL/clause/clause.go:49.27,51.4 1 1
DPLL/clause/clause.go:54.2,56.14 3 1
DPLL/clause/clause.go:60.45,61.33 1 1
DPLL/clause/clause.go:61.33,62.27 1 1
DPLL/clause/clause.go:62.27,64.4 1 1
DPLL/clause/clause.go:67.2,67.14 1 1
DPLL/clause/clause.go:71.28,73.2 1 1
DPLL/clause/clause.go:76.29,78.2 1 1
DPLL/dpll/dpll.go:9.57,11.35 2 1
DPLL/dpll/dpll.go:11.35,12.39 1 1
DPLL/dpll/dpll.go:12.39,14.4 1 1
DPLL/dpll/dpll.go:16.2,16.16 1 1
DPLL/dpll/dpll.go:21.73,22.28 1 1
DPLL/dpll/dpll.go:22.28,24.44 1 1
DPLL/dpll/dpll.go:24.44,25.12 1 0
DPLL/dpll/dpll.go:28.3,29.43 2 1
DPLL/dpll/dpll.go:32.2,32.23 1 1
DPLL/dpll/dpll.go:32.23,34.3 1 1
DPLL/dpll/dpll.go:36.2,36.38 1 1
DPLL/dpll/dpll.go:36.38,37.44 1 1
DPLL/dpll/dpll.go:37.44,38.12 1 1
DPLL/dpll/dpll.go:40.3,40.51 1 1
DPLL/dpll/dpll.go:43.2,43.25 1 1
DPLL/dpll/dpll.go:43.25,45.3 1 1
DPLL/dpll/dpll.go:45.8,48.60 3 1
DPLL/dpll/dpll.go:48.60,50.4 1 1
DPLL/dpll/dpll.go:50.9,50.67 1 1
DPLL/dpll/dpll.go:50.67,52.4 1 0
DPLL/dpll/dpll.go:52.9,54.4 1 1
DPLL/formula/formula.go:20.44,28.26 2 1
DPLL/formula/formula.go:28.26,31.3 2 1
DPLL/formula/formula.go:33.2,36.10 3 1
DPLL/formula/formula.go:41.90,45.34 2 1
DPLL/formula/formula.go:45.34,47.3 1 1
DPLL/formula/formula.go:49.2,49.35 1 1
DPLL/formula/formula.go:49.35,50.28 1 1
DPLL/formula/formula.go:50.28,53.4 2 1
DPLL/formula/formula.go:56.2,56.14 1 1
DPLL/formula/formula.go:63.65,66.35 2 1
DPLL/formula/formula.go:66.35,68.3 1 1
DPLL/formula/formula.go:70.2,72.14 3 1
DPLL/formula/formula.go:76.35,78.30 2 0
DPLL/formula/formula.go:78.30,80.3 1 0
DPLL/formula/formula.go:82.2,82.43 1 0
DPLL/formula/formula.go:85.51,94.2 6 1
DPLL/formula/formula.go:98.34,107.2 1 1
DPLL/formula/formula.go:111.50,113.35 2 1
DPLL/formula/formula.go:113.35,114.18 1 1
DPLL/formula/formula.go:114.18,116.4 1 1
DPLL/formula/formula.go:119.2,119.24 1 1
DPLL/formula/formula.go:123.30,125.35 2 1
DPLL/formula/formula.go:125.35,126.18 1 1
DPLL/formula/formula.go:126.18,128.4 1 1
DPLL/formula/formula.go:131.2,131.17 1 1
DPLL/formula/formula.go:136.30,138.35 2 1
DPLL/formula/formula.go:138.35,139.19 1 1
DPLL/formula/formula.go:139.19,141.4 1 1
DPLL/formula/formula.go:144.2,144.17 1 1
DPLL/formula/formula.go:149.30,152.35 3 1
DPLL/formula/formula.go:152.35,153.43 1 1
DPLL/formula/formula.go:153.43,154.69 1 1
DPLL/formula/formula.go:154.69,155.41 1 1
DPLL/formula/formula.go:155.41,158.6 2 1
DPLL/formula/formula.go:159.10,159.66 1 1
DPLL/formula/formula.go:159.66,161.5 1 1
DPLL/formula/formula.go:165.2,166.49 2 1
DPLL/formula/formula.go:166.49,168.3 1 1
DPLL/formula/formula.go:169.2,169.17 1 1
DPLL/formula/formula.go:174.71,175.37 1 1
DPLL/formula/formula.go:175.37,176.54 1 1
DPLL/formula/formula.go:176.54,178.4 1 1
DPLL/formula/formula.go:184.55,186.35 2 1
DPLL/formula/formula.go:186.35,187.43 1 1
DPLL/formula/formula.go:187.43,188.32 1 1
DPLL/formula/formula.go:188.32,189.17 1 1
DPLL/formula/formula.go:189.17,191.6 1 1
DPLL/formula/formula.go:191.11,193.6 1 1
DPLL/formula/formula.go:198.2,198.13 1 1
DPLL/formula/formula.go:201.50,204.19 1 1
DPLL/formula/formula.go:204.19,206.3 1 1
DPLL/formula/formula.go:206.8,208.3 1 1
DPLL/formula/formula.go:212.33,213.20 1 1
DPLL/formula/formula.go:213.20,215.3 1 1
DPLL/formula/formula.go:215.8,217.3 1 1
DPLL/literal/literal.go:18.50,25.2 3 1
DPLL/literal/literal.go:28.42,29.17 1 1
DPLL/literal/literal.go:29.17,32.3 2 1
DPLL/literal/literal.go:35.2,35.30 1 1
DPLL/literal/literal.go:35.30,38.3 2 1
DPLL/literal/literal.go:43.35,44.16 1 1
DPLL/literal/literal.go:44.16,46.3 1 1
DPLL/literal/literal.go:46.8,48.3 1 1
DPLL/literal/literal.go:53.36,59.2 2 1
DPLL/clause/clause.go:15.49,17.35 2 1
DPLL/clause/clause.go:17.35,18.33 1 1
DPLL/clause/clause.go:18.33,20.4 1 1
DPLL/clause/clause.go:20.9,22.4 1 1
DPLL/clause/clause.go:25.2,32.10 4 1
DPLL/clause/clause.go:36.34,38.37 2 1
DPLL/clause/clause.go:38.37,40.3 1 1
DPLL/clause/clause.go:41.2,41.55 1 1
DPLL/clause/clause.go:46.45,48.33 2 1
DPLL/clause/clause.go:48.33,49.27 1 1
DPLL/clause/clause.go:49.27,51.4 1 1
DPLL/clause/clause.go:54.2,56.14 3 1
DPLL/clause/clause.go:60.45,61.33 1 1
DPLL/clause/clause.go:61.33,62.27 1 1
DPLL/clause/clause.go:62.27,64.4 1 1
DPLL/clause/clause.go:67.2,67.14 1 1
DPLL/clause/clause.go:71.28,73.2 1 1
DPLL/clause/clause.go:76.29,78.2 1 1
DPLL/formula/formula.go:20.44,28.26 2 1
DPLL/formula/formula.go:28.26,31.3 2 1
DPLL/formula/formula.go:33.2,36.10 3 1
DPLL/formula/formula.go:41.90,45.34 2 1
DPLL/formula/formula.go:45.34,47.3 1 0
DPLL/formula/formula.go:49.2,49.35 1 1
DPLL/formula/formula.go:49.35,50.28 1 1
DPLL/formula/formula.go:50.28,53.4 2 1
DPLL/formula/formula.go:56.2,56.14 1 1
DPLL/formula/formula.go:63.65,66.35 2 1
DPLL/formula/formula.go:66.35,68.3 1 1
DPLL/formula/formula.go:70.2,72.14 3 1
DPLL/formula/formula.go:76.35,78.30 2 1
DPLL/formula/formula.go:78.30,80.3 1 1
DPLL/formula/formula.go:82.2,82.43 1 1
DPLL/formula/formula.go:85.51,94.2 6 1
DPLL/formula/formula.go:98.34,107.2 1 1
DPLL/formula/formula.go:111.50,113.35 2 1
DPLL/formula/formula.go:113.35,114.18 1 1
DPLL/formula/formula.go:114.18,116.4 1 1
DPLL/formula/formula.go:119.2,119.24 1 1
DPLL/formula/formula.go:123.30,125.35 2 1
DPLL/formula/formula.go:125.35,126.18 1 1
DPLL/formula/formula.go:126.18,128.4 1 1
DPLL/formula/formula.go:131.2,131.17 1 1
DPLL/formula/formula.go:136.30,138.35 2 1
DPLL/formula/formula.go:138.35,139.19 1 1
DPLL/formula/formula.go:139.19,141.4 1 1
DPLL/formula/formula.go:144.2,144.17 1 1
DPLL/formula/formula.go:149.30,152.35 3 1
DPLL/formula/formula.go:152.35,153.43 1 1
DPLL/formula/formula.go:153.43,154.69 1 1
DPLL/formula/formula.go:154.69,155.41 1 1
DPLL/formula/formula.go:155.41,158.6 2 1
DPLL/formula/formula.go:159.10,159.66 1 1
DPLL/formula/formula.go:159.66,161.5 1 1
DPLL/formula/formula.go:165.2,166.49 2 1
DPLL/formula/formula.go:166.49,168.3 1 1
DPLL/formula/formula.go:169.2,169.17 1 1
DPLL/formula/formula.go:174.71,175.37 1 1
DPLL/formula/formula.go:175.37,176.54 1 1
DPLL/formula/formula.go:176.54,178.4 1 0
DPLL/formula/formula.go:184.55,186.35 2 1
DPLL/formula/formula.go:186.35,187.43 1 1
DPLL/formula/formula.go:187.43,188.32 1 1
DPLL/formula/formula.go:188.32,189.17 1 1
DPLL/formula/formula.go:189.17,191.6 1 1
DPLL/formula/formula.go:191.11,193.6 1 1
DPLL/formula/formula.go:198.2,198.13 1 0
DPLL/formula/formula.go:201.50,204.19 1 1
DPLL/formula/formula.go:204.19,206.3 1 0
DPLL/formula/formula.go:206.8,208.3 1 1
DPLL/formula/formula.go:212.33,213.20 1 1
DPLL/formula/formula.go:213.20,215.3 1 1
DPLL/formula/formula.go:215.8,217.3 1 0
DPLL/literal/literal.go:18.50,25.2 3 1
DPLL/literal/literal.go:28.42,29.17 1 1
DPLL/literal/literal.go:29.17,32.3 2 1
DPLL/literal/literal.go:35.2,35.30 1 1
DPLL/literal/literal.go:35.30,38.3 2 1
DPLL/literal/literal.go:43.35,44.16 1 1
DPLL/literal/literal.go:44.16,46.3 1 1
DPLL/literal/literal.go:46.8,48.3 1 1
DPLL/literal/literal.go:53.36,59.2 2 0
DPLL/literal/literal.go:18.50,25.2 3 1
DPLL/literal/literal.go:28.42,29.17 1 1
DPLL/literal/literal.go:29.17,32.3 2 1
DPLL/literal/literal.go:35.2,35.30 1 1
DPLL/literal/literal.go:35.30,38.3 2 1
DPLL/literal/literal.go:43.35,44.16 1 1
DPLL/literal/literal.go:44.16,46.3 1 1
DPLL/literal/literal.go:46.8,48.3 1 1
DPLL/literal/literal.go:53.36,59.2 2 1
